2024-04-18 15:42:00 INFO  Log:12 - =====================================homepagepageTitle TEST START=========================================
2024-04-18 15:42:00 INFO  Log:23 - user is going to  verify homepage  titlepage
2024-04-18 15:42:00 INFO  Log:23 - home page title is verified
2024-04-18 15:42:00 INFO  Log:16 - =====================================homepagepageTitle TEST END=========================================
2024-04-18 15:42:03 INFO  Log:12 - =====================================homepageallfunctions TEST START=========================================
2024-04-18 15:42:03 INFO  Log:23 - user is going to verifyhomepage
2024-04-18 15:42:30 INFO  Log:23 -  homepage is verified
2024-04-18 15:42:30 INFO  Log:16 - =====================================homepageallfunctions TEST END=========================================
2024-04-18 15:42:33 INFO  Log:12 - =====================================Registertitlepage TEST START=========================================
2024-04-18 15:42:33 INFO  Log:23 - user is going to verify register titlepage
2024-04-18 15:42:34 INFO  Log:23 - title of registerpage is verified
2024-04-18 15:42:34 INFO  Log:16 - =====================================Registertitlepage TEST END=========================================
2024-04-18 15:42:40 INFO  Log:12 - =====================================createAccountTest TEST START=========================================
2024-04-18 15:42:40 INFO  Log:23 - user is going to register
2024-04-18 15:42:44 INFO  Log:23 - registrationsuccesfull
2024-04-18 15:42:44 INFO  Log:16 - =====================================createAccountTest TEST END=========================================
2024-04-18 15:42:46 INFO  Log:12 - =====================================createAccountTest TEST START=========================================
2024-04-18 15:42:47 INFO  Log:23 - user is going to register
2024-04-18 15:42:50 INFO  Log:23 - registrationsuccesfull
2024-04-18 15:42:50 INFO  Log:16 - =====================================createAccountTest TEST END=========================================
2024-04-18 15:42:53 INFO  Log:12 - =====================================loginpage TEST START=========================================
2024-04-18 15:42:53 INFO  Log:23 - user is going to login
2024-04-18 15:42:56 INFO  Log:23 - login is sucessfull
2024-04-18 15:42:56 INFO  Log:16 - =====================================loginpage TEST END=========================================
2024-04-18 15:42:59 INFO  Log:12 - =====================================logintitlepage TEST START=========================================
2024-04-18 15:42:59 INFO  Log:23 - user is going to  verify login  titlepage
2024-04-18 15:43:00 INFO  Log:23 - login page title is verified
2024-04-18 15:43:00 INFO  Log:16 - =====================================logintitlepage TEST END=========================================
2024-04-18 15:43:05 INFO  Log:12 - =====================================myaccountpageTitle TEST START=========================================
2024-04-18 15:43:05 INFO  Log:23 - user is going to  verify myaccount  titlepage
2024-04-18 15:43:06 INFO  Log:23 - myaccount page title is verified
2024-04-18 15:43:06 INFO  Log:16 - =====================================myaccountpageTitle TEST END=========================================
2024-04-18 15:43:15 INFO  Log:12 - =====================================myaccount TEST START=========================================
2024-04-18 15:43:15 INFO  Log:23 - user is going to verfi myaccountpage
2024-04-18 15:43:24 INFO  Log:23 - myaccountpage is verified
2024-04-18 15:43:24 INFO  Log:16 - =====================================myaccount TEST END=========================================
2024-04-18 15:43:26 INFO  Log:12 - =====================================computerpageTitle TEST START=========================================
2024-04-18 15:43:26 INFO  Log:23 - user is going to  verify computer  titlepage
2024-04-18 15:43:28 INFO  Log:23 - computerpage title is verified
2024-04-18 15:43:28 INFO  Log:16 - =====================================computerpageTitle TEST END=========================================
2024-04-18 15:43:31 INFO  Log:12 - =====================================computeritems  TEST START=========================================
2024-04-18 15:43:31 INFO  Log:23 - user is going to verifycomputerpage
2024-04-18 15:43:38 INFO  Log:23 -  computerpage is verified
2024-04-18 15:43:38 INFO  Log:16 - =====================================computeritems  TEST END=========================================
2024-04-18 15:43:49 INFO  Log:12 - =====================================desktoppageTitle TEST START=========================================
2024-04-18 15:43:49 INFO  Log:23 - user is going to  verify desktop  titlepage
2024-04-18 15:43:49 INFO  Log:23 - dessktop page title is verified
2024-04-18 15:43:49 INFO  Log:16 - =====================================desktoppageTitle TEST END=========================================
2024-04-18 15:44:00 INFO  Log:12 - =====================================selectcputype  TEST START=========================================
2024-04-18 15:44:00 INFO  Log:23 - user is going to select desktop
2024-04-18 15:44:12 INFO  Log:23 -  cpu desktop is selected
2024-04-18 15:44:12 INFO  Log:16 - =====================================selectcputype TEST END=========================================
2024-04-18 15:44:14 INFO  Log:12 - =====================================addwishandcomparelist TEST START=========================================
2024-04-18 15:44:14 INFO  Log:23 - user is going to add product to wishlist and verify productpage page 
2024-04-18 15:44:17 INFO  Log:23 - product is added to whishlist and product page is verified
2024-04-18 15:44:17 INFO  Log:16 - =====================================addwishandcomparelist TEST END=========================================
2024-04-18 15:44:22 INFO  Log:12 - =====================================wishlisttable TEST START=========================================
2024-04-18 15:44:22 INFO  Log:23 - user is going to  verify whishlistpage
2024-04-18 15:44:29 INFO  Log:23 - whishlistpage is verified
2024-04-18 15:44:29 INFO  Log:16 - =====================================wishlisttable TEST END=========================================
2024-04-18 15:44:35 INFO  Log:12 - =====================================wishlistpagepageTitle TEST START=========================================
2024-04-18 15:44:35 INFO  Log:23 - user is going to  verify wishlist  titlepage
2024-04-18 15:44:35 INFO  Log:23 - whishlist title is verified
2024-04-18 15:44:35 INFO  Log:16 - =====================================wishlistpagepageTitle TEST END=========================================
2024-04-18 15:44:47 INFO  Log:12 - =====================================CartpageTitle TEST START=========================================
2024-04-18 15:44:47 INFO  Log:23 - user is going to  verify addtocart titlepage
2024-04-18 15:44:47 INFO  Log:23 - title of addtocart is verified
2024-04-18 15:44:47 INFO  Log:16 - =====================================CartpageTitle TEST END=========================================
2024-04-18 15:44:59 INFO  Log:12 - =====================================verifyAddtocart TEST START=========================================
2024-04-18 15:44:59 INFO  Log:23 - user is going to add item in cart
2024-04-18 15:45:13 INFO  Log:23 - item is added to cart
2024-04-18 15:45:13 INFO  Log:16 - =====================================verifyAddtocart TEST END=========================================
2024-04-18 15:45:40 INFO  Log:12 - =====================================verifybillingpage TEST START=========================================
2024-04-18 15:45:40 INFO  Log:23 - user is going to verifybillingpage
2024-04-18 15:45:44 INFO  Log:23 - billingpage is verified
2024-04-18 15:45:44 INFO  Log:16 - =====================================verifybillingpage TEST END=========================================
2024-04-18 15:46:10 INFO  Log:12 - =====================================verifytitleofbillingpage TEST START=========================================
2024-04-18 15:46:10 INFO  Log:23 - user is going to  verify  billingpage title
2024-04-18 15:46:10 INFO  Log:23 - billingpage title is verified
2024-04-18 15:46:10 INFO  Log:16 - =====================================verifytitleofbillingpage TEST END=========================================
2024-04-18 15:46:38 INFO  Log:12 - ===================================== verifyshippingmethodpage TEST START=========================================
2024-04-18 15:46:38 INFO  Log:23 - user is going to verifyshippingmethodpage
2024-04-18 15:46:43 INFO  Log:23 -  shippingerthodpage is verified
2024-04-18 15:46:43 INFO  Log:16 - ===================================== verifyshippingmethodpage TEST END=========================================
2024-04-18 15:47:14 INFO  Log:12 - ===================================== verifypaymentmethodpage TEST START=========================================
2024-04-18 15:47:14 INFO  Log:23 - user is going to verifypaymentmethodpage
2024-04-18 15:47:15 INFO  Log:23 -  paymentmethodpage is verified
2024-04-18 15:47:15 INFO  Log:16 - ===================================== verifypaymentmethodpage TEST END=========================================
2024-04-18 15:47:46 INFO  Log:12 - =====================================verifycardmethodmethodpage TEST START=========================================
2024-04-18 15:47:46 INFO  Log:23 - user is going to verifycreditcardpaymentmethodpage
2024-04-18 15:47:48 INFO  Log:23 -  creditcardpaymentmethodpage is verified
2024-04-18 15:47:48 INFO  Log:16 - =====================================verifycardmethodmethodpage TEST END=========================================
2024-04-18 15:48:20 INFO  Log:12 - =====================================verifyConfirmOdrerpage TEST START=========================================
2024-04-18 15:48:20 INFO  Log:23 - user is going to confirm order page 
2024-04-18 15:48:23 INFO  Log:23 - order page is confirmed
2024-04-18 15:48:23 INFO  Log:16 - =====================================verifyConfirmOdrerpage TEST END=========================================
2024-04-18 16:13:08 INFO  Log:12 - =====================================homepagepageTitle TEST START=========================================
2024-04-18 16:13:08 INFO  Log:23 - user is going to  verify homepage  titlepage
2024-04-18 16:13:08 INFO  Log:23 - home page title is verified
2024-04-18 16:13:08 INFO  Log:16 - =====================================homepagepageTitle TEST END=========================================
2024-04-18 16:13:12 INFO  Log:12 - =====================================homepageallfunctions TEST START=========================================
2024-04-18 16:13:12 INFO  Log:23 - user is going to verifyhomepage
2024-04-18 16:13:38 INFO  Log:23 -  homepage is verified
2024-04-18 16:13:38 INFO  Log:16 - =====================================homepageallfunctions TEST END=========================================
2024-04-18 16:13:42 INFO  Log:12 - =====================================Registertitlepage TEST START=========================================
2024-04-18 16:13:42 INFO  Log:23 - user is going to verify register titlepage
2024-04-18 16:13:43 INFO  Log:23 - title of registerpage is verified
2024-04-18 16:13:43 INFO  Log:16 - =====================================Registertitlepage TEST END=========================================
2024-04-18 16:13:49 INFO  Log:12 - =====================================createAccountTest TEST START=========================================
2024-04-18 16:13:49 INFO  Log:23 - user is going to register
2024-04-18 16:13:53 INFO  Log:23 - registrationsuccesfull
2024-04-18 16:13:53 INFO  Log:16 - =====================================createAccountTest TEST END=========================================
2024-04-18 16:13:57 INFO  Log:12 - =====================================createAccountTest TEST START=========================================
2024-04-18 16:13:57 INFO  Log:23 - user is going to register
2024-04-18 16:14:01 INFO  Log:23 - registrationsuccesfull
2024-04-18 16:14:01 INFO  Log:16 - =====================================createAccountTest TEST END=========================================
2024-04-18 16:14:05 INFO  Log:12 - =====================================loginpage TEST START=========================================
2024-04-18 16:14:05 INFO  Log:23 - user is going to login
2024-04-18 16:14:08 INFO  Log:23 - login is sucessfull
2024-04-18 16:14:08 INFO  Log:16 - =====================================loginpage TEST END=========================================
2024-04-18 16:14:11 INFO  Log:12 - =====================================logintitlepage TEST START=========================================
2024-04-18 16:14:11 INFO  Log:23 - user is going to  verify login  titlepage
2024-04-18 16:14:12 INFO  Log:23 - login page title is verified
2024-04-18 16:14:12 INFO  Log:16 - =====================================logintitlepage TEST END=========================================
2024-04-18 16:14:18 INFO  Log:12 - =====================================myaccountpageTitle TEST START=========================================
2024-04-18 16:14:18 INFO  Log:23 - user is going to  verify myaccount  titlepage
2024-04-18 16:14:19 INFO  Log:23 - myaccount page title is verified
2024-04-18 16:14:19 INFO  Log:16 - =====================================myaccountpageTitle TEST END=========================================
2024-04-18 16:14:30 INFO  Log:12 - =====================================myaccount TEST START=========================================
2024-04-18 16:14:30 INFO  Log:23 - user is going to verfi myaccountpage
2024-04-18 16:14:42 INFO  Log:23 - myaccountpage is verified
2024-04-18 16:14:42 INFO  Log:16 - =====================================myaccount TEST END=========================================
2024-04-18 16:14:48 INFO  Log:12 - =====================================computerpageTitle TEST START=========================================
2024-04-18 16:14:48 INFO  Log:23 - user is going to  verify computer  titlepage
2024-04-18 16:14:49 INFO  Log:23 - computerpage title is verified
2024-04-18 16:14:49 INFO  Log:16 - =====================================computerpageTitle TEST END=========================================
2024-04-18 16:14:52 INFO  Log:12 - =====================================computeritems  TEST START=========================================
2024-04-18 16:14:52 INFO  Log:23 - user is going to verifycomputerpage
2024-04-18 16:15:00 INFO  Log:23 -  computerpage is verified
2024-04-18 16:15:00 INFO  Log:16 - =====================================computeritems  TEST END=========================================
2024-04-18 16:15:14 INFO  Log:12 - =====================================desktoppageTitle TEST START=========================================
2024-04-18 16:15:14 INFO  Log:23 - user is going to  verify desktop  titlepage
2024-04-18 16:15:14 INFO  Log:23 - dessktop page title is verified
2024-04-18 16:15:14 INFO  Log:16 - =====================================desktoppageTitle TEST END=========================================
2024-04-18 16:15:25 INFO  Log:12 - =====================================selectcputype  TEST START=========================================
2024-04-18 16:15:25 INFO  Log:23 - user is going to select desktop
2024-04-18 16:15:37 INFO  Log:23 -  cpu desktop is selected
2024-04-18 16:15:37 INFO  Log:16 - =====================================selectcputype TEST END=========================================
2024-04-18 16:15:41 INFO  Log:12 - =====================================addwishandcomparelist TEST START=========================================
2024-04-18 16:15:41 INFO  Log:23 - user is going to add product to wishlist and verify productpage page 
2024-04-18 16:15:45 INFO  Log:23 - product is added to whishlist and product page is verified
2024-04-18 16:15:45 INFO  Log:16 - =====================================addwishandcomparelist TEST END=========================================
2024-04-18 16:15:52 INFO  Log:12 - =====================================wishlisttable TEST START=========================================
2024-04-18 16:15:52 INFO  Log:23 - user is going to  verify whishlistpage
2024-04-18 16:15:59 INFO  Log:23 - whishlistpage is verified
2024-04-18 16:15:59 INFO  Log:16 - =====================================wishlisttable TEST END=========================================
2024-04-18 16:16:06 INFO  Log:12 - =====================================wishlistpagepageTitle TEST START=========================================
2024-04-18 16:16:06 INFO  Log:23 - user is going to  verify wishlist  titlepage
2024-04-18 16:16:06 INFO  Log:23 - whishlist title is verified
2024-04-18 16:16:06 INFO  Log:16 - =====================================wishlistpagepageTitle TEST END=========================================
2024-04-18 16:16:20 INFO  Log:12 - =====================================CartpageTitle TEST START=========================================
2024-04-18 16:16:20 INFO  Log:23 - user is going to  verify addtocart titlepage
2024-04-18 16:16:20 INFO  Log:23 - title of addtocart is verified
2024-04-18 16:16:20 INFO  Log:16 - =====================================CartpageTitle TEST END=========================================
2024-04-18 16:16:34 INFO  Log:12 - =====================================verifyAddtocart TEST START=========================================
2024-04-18 16:16:34 INFO  Log:23 - user is going to add item in cart
2024-04-18 16:16:49 INFO  Log:23 - item is added to cart
2024-04-18 16:16:49 INFO  Log:16 - =====================================verifyAddtocart TEST END=========================================
2024-04-18 16:17:17 INFO  Log:12 - =====================================verifybillingpage TEST START=========================================
2024-04-18 16:17:17 INFO  Log:23 - user is going to verifybillingpage
2024-04-18 16:17:23 INFO  Log:23 - billingpage is verified
2024-04-18 16:17:23 INFO  Log:16 - =====================================verifybillingpage TEST END=========================================
2024-04-18 16:17:52 INFO  Log:12 - =====================================verifytitleofbillingpage TEST START=========================================
2024-04-18 16:17:52 INFO  Log:23 - user is going to  verify  billingpage title
2024-04-18 16:17:52 INFO  Log:23 - billingpage title is verified
2024-04-18 16:17:52 INFO  Log:16 - =====================================verifytitleofbillingpage TEST END=========================================
2024-04-18 16:18:20 INFO  Log:12 - ===================================== verifyshippingmethodpage TEST START=========================================
2024-04-18 16:18:20 INFO  Log:23 - user is going to verifyshippingmethodpage
2024-04-18 16:18:27 INFO  Log:23 -  shippingerthodpage is verified
2024-04-18 16:18:27 INFO  Log:16 - ===================================== verifyshippingmethodpage TEST END=========================================
2024-04-18 16:19:01 INFO  Log:12 - ===================================== verifypaymentmethodpage TEST START=========================================
2024-04-18 16:19:01 INFO  Log:23 - user is going to verifypaymentmethodpage
2024-04-18 16:19:02 INFO  Log:23 -  paymentmethodpage is verified
2024-04-18 16:19:02 INFO  Log:16 - ===================================== verifypaymentmethodpage TEST END=========================================
2024-04-18 16:19:39 INFO  Log:12 - =====================================verifycardmethodmethodpage TEST START=========================================
2024-04-18 16:19:39 INFO  Log:23 - user is going to verifycreditcardpaymentmethodpage
2024-04-18 16:19:41 INFO  Log:23 -  creditcardpaymentmethodpage is verified
2024-04-18 16:19:41 INFO  Log:16 - =====================================verifycardmethodmethodpage TEST END=========================================
2024-04-18 16:20:19 INFO  Log:12 - =====================================verifyConfirmOdrerpage TEST START=========================================
2024-04-18 16:20:19 INFO  Log:23 - user is going to confirm order page 
2024-04-18 16:20:23 INFO  Log:23 - order page is confirmed
2024-04-18 16:20:23 INFO  Log:16 - =====================================verifyConfirmOdrerpage TEST END=========================================
2024-04-18 16:30:09 INFO  Log:12 - =====================================homepagepageTitle TEST START=========================================
2024-04-18 16:30:09 INFO  Log:23 - user is going to  verify homepage  titlepage
2024-04-18 16:30:09 INFO  Log:23 - home page title is verified
2024-04-18 16:30:09 INFO  Log:16 - =====================================homepagepageTitle TEST END=========================================
2024-04-18 16:30:12 INFO  Log:12 - =====================================homepageallfunctions TEST START=========================================
2024-04-18 16:30:12 INFO  Log:23 - user is going to verifyhomepage
2024-04-18 16:30:41 INFO  Log:23 -  homepage is verified
2024-04-18 16:30:41 INFO  Log:16 - =====================================homepageallfunctions TEST END=========================================
2024-04-18 16:30:45 INFO  Log:12 - =====================================Registertitlepage TEST START=========================================
2024-04-18 16:30:45 INFO  Log:23 - user is going to verify register titlepage
2024-04-18 16:30:47 INFO  Log:23 - title of registerpage is verified
2024-04-18 16:30:47 INFO  Log:16 - =====================================Registertitlepage TEST END=========================================
2024-04-18 16:30:52 INFO  Log:12 - =====================================createAccountTest TEST START=========================================
2024-04-18 16:30:52 INFO  Log:23 - user is going to register
2024-04-18 16:30:56 INFO  Log:23 - registrationsuccesfull
2024-04-18 16:30:56 INFO  Log:16 - =====================================createAccountTest TEST END=========================================
2024-04-18 16:31:00 INFO  Log:12 - =====================================createAccountTest TEST START=========================================
2024-04-18 16:31:00 INFO  Log:23 - user is going to register
2024-04-18 16:31:04 INFO  Log:23 - registrationsuccesfull
2024-04-18 16:31:04 INFO  Log:16 - =====================================createAccountTest TEST END=========================================
2024-04-18 16:31:06 INFO  Log:12 - =====================================loginpage TEST START=========================================
2024-04-18 16:31:06 INFO  Log:23 - user is going to login
2024-04-18 16:31:10 INFO  Log:23 - login is sucessfull
2024-04-18 16:31:10 INFO  Log:16 - =====================================loginpage TEST END=========================================
2024-04-18 16:31:13 INFO  Log:12 - =====================================logintitlepage TEST START=========================================
2024-04-18 16:31:13 INFO  Log:23 - user is going to  verify login  titlepage
2024-04-18 16:31:14 INFO  Log:23 - login page title is verified
2024-04-18 16:31:14 INFO  Log:16 - =====================================logintitlepage TEST END=========================================
2024-04-18 16:31:22 INFO  Log:12 - =====================================myaccountpageTitle TEST START=========================================
2024-04-18 16:31:22 INFO  Log:23 - user is going to  verify myaccount  titlepage
2024-04-18 16:31:22 INFO  Log:23 - myaccount page title is verified
2024-04-18 16:31:22 INFO  Log:16 - =====================================myaccountpageTitle TEST END=========================================
2024-04-18 16:31:32 INFO  Log:12 - =====================================myaccount TEST START=========================================
2024-04-18 16:31:32 INFO  Log:23 - user is going to verfi myaccountpage
2024-04-18 16:31:45 INFO  Log:23 - myaccountpage is verified
2024-04-18 16:31:45 INFO  Log:16 - =====================================myaccount TEST END=========================================
2024-04-18 16:31:48 INFO  Log:12 - =====================================computerpageTitle TEST START=========================================
2024-04-18 16:31:48 INFO  Log:23 - user is going to  verify computer  titlepage
2024-04-18 16:31:50 INFO  Log:23 - computerpage title is verified
2024-04-18 16:31:50 INFO  Log:16 - =====================================computerpageTitle TEST END=========================================
2024-04-18 16:31:54 INFO  Log:12 - =====================================computeritems  TEST START=========================================
2024-04-18 16:31:54 INFO  Log:23 - user is going to verifycomputerpage
2024-04-18 16:32:01 INFO  Log:23 -  computerpage is verified
2024-04-18 16:32:01 INFO  Log:16 - =====================================computeritems  TEST END=========================================
2024-04-18 16:32:12 INFO  Log:12 - =====================================desktoppageTitle TEST START=========================================
2024-04-18 16:32:12 INFO  Log:23 - user is going to  verify desktop  titlepage
2024-04-18 16:32:12 INFO  Log:23 - dessktop page title is verified
2024-04-18 16:32:12 INFO  Log:16 - =====================================desktoppageTitle TEST END=========================================
2024-04-18 16:32:24 INFO  Log:12 - =====================================selectcputype  TEST START=========================================
2024-04-18 16:32:24 INFO  Log:23 - user is going to select desktop
2024-04-18 16:32:36 INFO  Log:23 -  cpu desktop is selected
2024-04-18 16:32:36 INFO  Log:16 - =====================================selectcputype TEST END=========================================
2024-04-18 16:32:42 INFO  Log:12 - =====================================addwishandcomparelist TEST START=========================================
2024-04-18 16:32:42 INFO  Log:23 - user is going to add product to wishlist and verify productpage page 
2024-04-18 16:32:45 INFO  Log:23 - product is added to whishlist and product page is verified
2024-04-18 16:32:45 INFO  Log:16 - =====================================addwishandcomparelist TEST END=========================================
2024-04-18 16:32:51 INFO  Log:12 - =====================================wishlisttable TEST START=========================================
2024-04-18 16:32:51 INFO  Log:23 - user is going to  verify whishlistpage
2024-04-18 16:32:58 INFO  Log:23 - whishlistpage is verified
2024-04-18 16:32:58 INFO  Log:16 - =====================================wishlisttable TEST END=========================================
2024-04-18 16:33:06 INFO  Log:12 - =====================================wishlistpagepageTitle TEST START=========================================
2024-04-18 16:33:06 INFO  Log:23 - user is going to  verify wishlist  titlepage
2024-04-18 16:33:06 INFO  Log:23 - whishlist title is verified
2024-04-18 16:33:06 INFO  Log:16 - =====================================wishlistpagepageTitle TEST END=========================================
2024-04-18 16:33:21 INFO  Log:12 - =====================================CartpageTitle TEST START=========================================
2024-04-18 16:33:21 INFO  Log:23 - user is going to  verify addtocart titlepage
2024-04-18 16:33:21 INFO  Log:23 - title of addtocart is verified
2024-04-18 16:33:21 INFO  Log:16 - =====================================CartpageTitle TEST END=========================================
2024-04-18 16:33:34 INFO  Log:12 - =====================================verifyAddtocart TEST START=========================================
2024-04-18 16:33:34 INFO  Log:23 - user is going to add item in cart
2024-04-18 16:33:48 INFO  Log:23 - item is added to cart
2024-04-18 16:33:48 INFO  Log:16 - =====================================verifyAddtocart TEST END=========================================
2024-04-18 16:34:19 INFO  Log:12 - =====================================verifybillingpage TEST START=========================================
2024-04-18 16:34:19 INFO  Log:23 - user is going to verifybillingpage
2024-04-18 16:34:25 INFO  Log:23 - billingpage is verified
2024-04-18 16:34:25 INFO  Log:16 - =====================================verifybillingpage TEST END=========================================
2024-04-18 16:34:55 INFO  Log:12 - =====================================verifytitleofbillingpage TEST START=========================================
2024-04-18 16:34:55 INFO  Log:23 - user is going to  verify  billingpage title
2024-04-18 16:34:55 INFO  Log:23 - billingpage title is verified
2024-04-18 16:34:55 INFO  Log:16 - =====================================verifytitleofbillingpage TEST END=========================================
2024-04-18 16:35:25 INFO  Log:12 - ===================================== verifyshippingmethodpage TEST START=========================================
2024-04-18 16:35:25 INFO  Log:23 - user is going to verifyshippingmethodpage
2024-04-18 16:35:33 INFO  Log:23 -  shippingerthodpage is verified
2024-04-18 16:35:33 INFO  Log:16 - ===================================== verifyshippingmethodpage TEST END=========================================
2024-04-18 16:36:15 INFO  Log:12 - ===================================== verifypaymentmethodpage TEST START=========================================
2024-04-18 16:36:15 INFO  Log:23 - user is going to verifypaymentmethodpage
2024-04-18 16:36:16 INFO  Log:23 -  paymentmethodpage is verified
2024-04-18 16:36:16 INFO  Log:16 - ===================================== verifypaymentmethodpage TEST END=========================================
2024-04-18 16:36:54 INFO  Log:12 - =====================================verifycardmethodmethodpage TEST START=========================================
2024-04-18 16:36:54 INFO  Log:23 - user is going to verifycreditcardpaymentmethodpage
2024-04-18 16:36:57 INFO  Log:23 -  creditcardpaymentmethodpage is verified
2024-04-18 16:36:57 INFO  Log:16 - =====================================verifycardmethodmethodpage TEST END=========================================
2024-04-18 16:53:08 INFO  Log:12 - =====================================homepagepageTitle TEST START=========================================
2024-04-18 16:53:08 INFO  Log:23 - user is going to  verify homepage  titlepage
2024-04-18 16:53:08 INFO  Log:23 - home page title is verified
2024-04-18 16:53:08 INFO  Log:16 - =====================================homepagepageTitle TEST END=========================================
2024-04-18 16:53:12 INFO  Log:12 - =====================================homepageallfunctions TEST START=========================================
2024-04-18 16:53:12 INFO  Log:23 - user is going to verifyhomepage
2024-04-18 16:53:40 INFO  Log:23 -  homepage is verified
2024-04-18 16:53:40 INFO  Log:16 - =====================================homepageallfunctions TEST END=========================================
2024-04-18 16:53:44 INFO  Log:12 - =====================================Registertitlepage TEST START=========================================
2024-04-18 16:53:44 INFO  Log:23 - user is going to verify register titlepage
2024-04-18 16:53:46 INFO  Log:23 - title of registerpage is verified
2024-04-18 16:53:46 INFO  Log:16 - =====================================Registertitlepage TEST END=========================================
2024-04-18 16:53:53 INFO  Log:12 - =====================================createAccountTest TEST START=========================================
2024-04-18 16:53:53 INFO  Log:23 - user is going to register
2024-04-18 16:53:57 INFO  Log:23 - registrationsuccesfull
2024-04-18 16:53:57 INFO  Log:16 - =====================================createAccountTest TEST END=========================================
2024-04-18 16:54:01 INFO  Log:12 - =====================================createAccountTest TEST START=========================================
2024-04-18 16:54:01 INFO  Log:23 - user is going to register
2024-04-18 16:54:06 INFO  Log:23 - registrationsuccesfull
2024-04-18 16:54:06 INFO  Log:16 - =====================================createAccountTest TEST END=========================================
2024-04-18 16:54:09 INFO  Log:12 - =====================================loginpage TEST START=========================================
2024-04-18 16:54:09 INFO  Log:23 - user is going to login
2024-04-18 16:54:12 INFO  Log:23 - login is sucessfull
2024-04-18 16:54:12 INFO  Log:16 - =====================================loginpage TEST END=========================================
2024-04-18 16:54:17 INFO  Log:12 - =====================================logintitlepage TEST START=========================================
2024-04-18 16:54:17 INFO  Log:23 - user is going to  verify login  titlepage
2024-04-18 16:54:19 INFO  Log:23 - login page title is verified
2024-04-18 16:54:19 INFO  Log:16 - =====================================logintitlepage TEST END=========================================
2024-04-18 16:54:26 INFO  Log:12 - =====================================myaccountpageTitle TEST START=========================================
2024-04-18 16:54:26 INFO  Log:23 - user is going to  verify myaccount  titlepage
2024-04-18 16:54:27 INFO  Log:23 - myaccount page title is verified
2024-04-18 16:54:27 INFO  Log:16 - =====================================myaccountpageTitle TEST END=========================================
2024-04-18 16:54:37 INFO  Log:12 - =====================================myaccount TEST START=========================================
2024-04-18 16:54:37 INFO  Log:23 - user is going to verfi myaccountpage
2024-04-18 16:54:51 INFO  Log:23 - myaccountpage is verified
2024-04-18 16:54:51 INFO  Log:16 - =====================================myaccount TEST END=========================================
2024-04-18 16:54:58 INFO  Log:12 - =====================================computerpageTitle TEST START=========================================
2024-04-18 16:54:58 INFO  Log:23 - user is going to  verify computer  titlepage
2024-04-18 16:55:00 INFO  Log:23 - computerpage title is verified
2024-04-18 16:55:00 INFO  Log:16 - =====================================computerpageTitle TEST END=========================================
2024-04-18 16:55:03 INFO  Log:12 - =====================================computeritems  TEST START=========================================
2024-04-18 16:55:03 INFO  Log:23 - user is going to verifycomputerpage
2024-04-18 16:55:12 INFO  Log:23 -  computerpage is verified
2024-04-18 16:55:12 INFO  Log:16 - =====================================computeritems  TEST END=========================================
2024-04-18 16:55:26 INFO  Log:12 - =====================================desktoppageTitle TEST START=========================================
2024-04-18 16:55:26 INFO  Log:23 - user is going to  verify desktop  titlepage
2024-04-18 16:55:26 INFO  Log:23 - dessktop page title is verified
2024-04-18 16:55:26 INFO  Log:16 - =====================================desktoppageTitle TEST END=========================================
2024-04-18 16:55:42 INFO  Log:12 - =====================================selectcputype  TEST START=========================================
2024-04-18 16:55:42 INFO  Log:23 - user is going to select desktop
2024-04-18 16:55:55 INFO  Log:23 -  cpu desktop is selected
2024-04-18 16:55:55 INFO  Log:16 - =====================================selectcputype TEST END=========================================
2024-04-18 16:55:59 INFO  Log:12 - =====================================addwishandcomparelist TEST START=========================================
2024-04-18 16:55:59 INFO  Log:23 - user is going to add product to wishlist and verify productpage page 
2024-04-18 16:56:04 INFO  Log:23 - product is added to whishlist and product page is verified
2024-04-18 16:56:04 INFO  Log:16 - =====================================addwishandcomparelist TEST END=========================================
2024-04-18 16:56:12 INFO  Log:12 - =====================================wishlisttable TEST START=========================================
2024-04-18 16:56:12 INFO  Log:23 - user is going to  verify whishlistpage
2024-04-18 16:56:19 INFO  Log:23 - whishlistpage is verified
2024-04-18 16:56:19 INFO  Log:16 - =====================================wishlisttable TEST END=========================================
2024-04-18 16:57:11 INFO  Log:12 - =====================================verifybillingpage TEST START=========================================
2024-04-18 16:57:11 INFO  Log:23 - user is going to verifybillingpage
2024-04-18 16:57:19 INFO  Log:23 - billingpage is verified
2024-04-18 16:57:19 INFO  Log:16 - =====================================verifybillingpage TEST END=========================================
2024-04-18 16:57:52 INFO  Log:12 - =====================================verifytitleofbillingpage TEST START=========================================
2024-04-18 16:57:52 INFO  Log:23 - user is going to  verify  billingpage title
2024-04-18 16:57:52 INFO  Log:23 - billingpage title is verified
2024-04-18 16:57:52 INFO  Log:16 - =====================================verifytitleofbillingpage TEST END=========================================
2024-04-18 16:58:26 INFO  Log:12 - ===================================== verifyshippingmethodpage TEST START=========================================
2024-04-18 16:58:26 INFO  Log:23 - user is going to verifyshippingmethodpage
2024-04-18 16:58:35 INFO  Log:23 -  shippingerthodpage is verified
2024-04-18 16:58:35 INFO  Log:16 - ===================================== verifyshippingmethodpage TEST END=========================================
2024-04-18 16:59:22 INFO  Log:12 - ===================================== verifypaymentmethodpage TEST START=========================================
2024-04-18 16:59:22 INFO  Log:23 - user is going to verifypaymentmethodpage
2024-04-18 16:59:23 INFO  Log:23 -  paymentmethodpage is verified
2024-04-18 16:59:23 INFO  Log:16 - ===================================== verifypaymentmethodpage TEST END=========================================
2024-04-18 17:00:18 INFO  Log:12 - =====================================verifycardmethodmethodpage TEST START=========================================
2024-04-18 17:00:18 INFO  Log:23 - user is going to verifycreditcardpaymentmethodpage
2024-04-18 17:00:22 INFO  Log:23 -  creditcardpaymentmethodpage is verified
2024-04-18 17:00:22 INFO  Log:16 - =====================================verifycardmethodmethodpage TEST END=========================================
2024-04-18 17:01:18 INFO  Log:12 - =====================================verifyConfirmOdrerpage TEST START=========================================
2024-04-18 17:01:18 INFO  Log:23 - user is going to confirm order page 
2024-04-18 17:01:22 INFO  Log:23 - order page is confirmed
2024-04-18 17:01:22 INFO  Log:16 - =====================================verifyConfirmOdrerpage TEST END=========================================
2024-04-18 17:26:28 INFO  Log:12 - =====================================homepagepageTitle TEST START=========================================
2024-04-18 17:26:28 INFO  Log:23 - user is going to  verify homepage  titlepage
2024-04-18 17:26:28 INFO  Log:23 - home page title is verified
2024-04-18 17:26:28 INFO  Log:16 - =====================================homepagepageTitle TEST END=========================================
2024-04-18 17:26:31 INFO  Log:12 - =====================================homepageallfunctions TEST START=========================================
2024-04-18 17:26:31 INFO  Log:23 - user is going to verifyhomepage
2024-04-18 17:27:02 INFO  Log:23 -  homepage is verified
2024-04-18 17:27:02 INFO  Log:16 - =====================================homepageallfunctions TEST END=========================================
2024-04-18 17:27:05 INFO  Log:12 - =====================================Registertitlepage TEST START=========================================
2024-04-18 17:27:05 INFO  Log:23 - user is going to verify register titlepage
2024-04-18 17:27:06 INFO  Log:23 - title of registerpage is verified
2024-04-18 17:27:06 INFO  Log:16 - =====================================Registertitlepage TEST END=========================================
2024-04-18 17:27:11 INFO  Log:12 - =====================================createAccountTest TEST START=========================================
2024-04-18 17:27:11 INFO  Log:23 - user is going to register
2024-04-18 17:27:15 INFO  Log:23 - registrationsuccesfull
2024-04-18 17:27:15 INFO  Log:16 - =====================================createAccountTest TEST END=========================================
2024-04-18 17:27:19 INFO  Log:12 - =====================================createAccountTest TEST START=========================================
2024-04-18 17:27:19 INFO  Log:23 - user is going to register
2024-04-18 17:27:23 INFO  Log:23 - registrationsuccesfull
2024-04-18 17:27:23 INFO  Log:16 - =====================================createAccountTest TEST END=========================================
2024-04-18 17:27:26 INFO  Log:12 - =====================================loginpage TEST START=========================================
2024-04-18 17:27:26 INFO  Log:23 - user is going to login
2024-04-18 17:27:29 INFO  Log:23 - login is sucessfull
2024-04-18 17:27:29 INFO  Log:16 - =====================================loginpage TEST END=========================================
2024-04-18 17:27:32 INFO  Log:12 - =====================================logintitlepage TEST START=========================================
2024-04-18 17:27:32 INFO  Log:23 - user is going to  verify login  titlepage
2024-04-18 17:27:33 INFO  Log:23 - login page title is verified
2024-04-18 17:27:33 INFO  Log:16 - =====================================logintitlepage TEST END=========================================
2024-04-18 17:27:40 INFO  Log:12 - =====================================myaccountpageTitle TEST START=========================================
2024-04-18 17:27:40 INFO  Log:23 - user is going to  verify myaccount  titlepage
2024-04-18 17:27:41 INFO  Log:23 - myaccount page title is verified
2024-04-18 17:27:41 INFO  Log:16 - =====================================myaccountpageTitle TEST END=========================================
2024-04-18 17:27:50 INFO  Log:12 - =====================================myaccount TEST START=========================================
2024-04-18 17:27:50 INFO  Log:23 - user is going to verfi myaccountpage
2024-04-18 17:28:01 INFO  Log:23 - myaccountpage is verified
2024-04-18 17:28:01 INFO  Log:16 - =====================================myaccount TEST END=========================================
2024-04-18 17:28:05 INFO  Log:12 - =====================================computerpageTitle TEST START=========================================
2024-04-18 17:28:05 INFO  Log:23 - user is going to  verify computer  titlepage
2024-04-18 17:28:06 INFO  Log:23 - computerpage title is verified
2024-04-18 17:28:06 INFO  Log:16 - =====================================computerpageTitle TEST END=========================================
2024-04-18 17:28:10 INFO  Log:12 - =====================================computeritems  TEST START=========================================
2024-04-18 17:28:10 INFO  Log:23 - user is going to verifycomputerpage
2024-04-18 17:28:20 INFO  Log:23 -  computerpage is verified
2024-04-18 17:28:20 INFO  Log:16 - =====================================computeritems  TEST END=========================================
2024-04-18 17:28:32 INFO  Log:12 - =====================================desktoppageTitle TEST START=========================================
2024-04-18 17:28:32 INFO  Log:23 - user is going to  verify desktop  titlepage
2024-04-18 17:28:32 INFO  Log:23 - dessktop page title is verified
2024-04-18 17:28:32 INFO  Log:16 - =====================================desktoppageTitle TEST END=========================================
2024-04-18 17:28:43 INFO  Log:12 - =====================================selectcputype  TEST START=========================================
2024-04-18 17:28:43 INFO  Log:23 - user is going to select desktop
2024-04-18 17:28:56 INFO  Log:23 -  cpu desktop is selected
2024-04-18 17:28:56 INFO  Log:16 - =====================================selectcputype TEST END=========================================
2024-04-18 17:29:00 INFO  Log:12 - =====================================addwishandcomparelist TEST START=========================================
2024-04-18 17:29:00 INFO  Log:23 - user is going to add product to wishlist and verify productpage page 
2024-04-18 17:29:04 INFO  Log:23 - product is added to whishlist and product page is verified
2024-04-18 17:29:04 INFO  Log:16 - =====================================addwishandcomparelist TEST END=========================================
2024-04-18 17:29:11 INFO  Log:12 - =====================================wishlisttable TEST START=========================================
2024-04-18 17:29:11 INFO  Log:23 - user is going to  verify whishlistpage
2024-04-18 17:29:17 INFO  Log:23 - whishlistpage is verified
2024-04-18 17:29:17 INFO  Log:16 - =====================================wishlisttable TEST END=========================================
2024-04-18 17:29:26 INFO  Log:12 - =====================================wishlistpagepageTitle TEST START=========================================
2024-04-18 17:29:26 INFO  Log:23 - user is going to  verify wishlist  titlepage
2024-04-18 17:29:26 INFO  Log:23 - whishlist title is verified
2024-04-18 17:29:26 INFO  Log:16 - =====================================wishlistpagepageTitle TEST END=========================================
2024-04-18 17:29:41 INFO  Log:12 - =====================================CartpageTitle TEST START=========================================
2024-04-18 17:29:41 INFO  Log:23 - user is going to  verify addtocart titlepage
2024-04-18 17:29:41 INFO  Log:23 - title of addtocart is verified
2024-04-18 17:29:41 INFO  Log:16 - =====================================CartpageTitle TEST END=========================================
2024-04-18 17:29:55 INFO  Log:12 - =====================================verifyAddtocart TEST START=========================================
2024-04-18 17:29:55 INFO  Log:23 - user is going to add item in cart
2024-04-18 17:30:10 INFO  Log:23 - item is added to cart
2024-04-18 17:30:10 INFO  Log:16 - =====================================verifyAddtocart TEST END=========================================
2024-04-18 17:30:41 INFO  Log:12 - =====================================verifybillingpage TEST START=========================================
2024-04-18 17:30:41 INFO  Log:23 - user is going to verifybillingpage
2024-04-18 17:30:48 INFO  Log:23 - billingpage is verified
2024-04-18 17:30:48 INFO  Log:16 - =====================================verifybillingpage TEST END=========================================
2024-04-18 17:31:18 INFO  Log:12 - =====================================verifytitleofbillingpage TEST START=========================================
2024-04-18 17:31:18 INFO  Log:23 - user is going to  verify  billingpage title
2024-04-18 17:31:18 INFO  Log:23 - billingpage title is verified
2024-04-18 17:31:18 INFO  Log:16 - =====================================verifytitleofbillingpage TEST END=========================================
2024-04-18 17:31:46 INFO  Log:12 - ===================================== verifyshippingmethodpage TEST START=========================================
2024-04-18 17:31:46 INFO  Log:23 - user is going to verifyshippingmethodpage
2024-04-18 17:31:54 INFO  Log:23 -  shippingerthodpage is verified
2024-04-18 17:31:54 INFO  Log:16 - ===================================== verifyshippingmethodpage TEST END=========================================
2024-04-18 17:32:30 INFO  Log:12 - ===================================== verifypaymentmethodpage TEST START=========================================
2024-04-18 17:32:30 INFO  Log:23 - user is going to verifypaymentmethodpage
2024-04-18 17:32:31 INFO  Log:23 -  paymentmethodpage is verified
2024-04-18 17:32:31 INFO  Log:16 - ===================================== verifypaymentmethodpage TEST END=========================================
2024-04-18 17:33:10 INFO  Log:12 - =====================================verifycardmethodmethodpage TEST START=========================================
2024-04-18 17:33:10 INFO  Log:23 - user is going to verifycreditcardpaymentmethodpage
2024-04-18 17:33:13 INFO  Log:23 -  creditcardpaymentmethodpage is verified
2024-04-18 17:33:13 INFO  Log:16 - =====================================verifycardmethodmethodpage TEST END=========================================
2024-04-18 17:33:54 INFO  Log:12 - =====================================verifyConfirmOdrerpage TEST START=========================================
2024-04-18 17:33:54 INFO  Log:23 - user is going to confirm order page 
2024-04-18 17:33:58 INFO  Log:23 - order page is confirmed
2024-04-18 17:33:58 INFO  Log:16 - =====================================verifyConfirmOdrerpage TEST END=========================================
2024-04-18 17:41:29 INFO  Log:12 - =====================================homepagepageTitle TEST START=========================================
2024-04-18 17:41:29 INFO  Log:23 - user is going to  verify homepage  titlepage
2024-04-18 17:41:30 INFO  Log:23 - home page title is verified
2024-04-18 17:41:30 INFO  Log:16 - =====================================homepagepageTitle TEST END=========================================
2024-04-18 17:41:33 INFO  Log:12 - =====================================homepageallfunctions TEST START=========================================
2024-04-18 17:41:33 INFO  Log:23 - user is going to verifyhomepage
2024-04-18 17:42:00 INFO  Log:23 -  homepage is verified
2024-04-18 17:42:00 INFO  Log:16 - =====================================homepageallfunctions TEST END=========================================
2024-04-18 17:42:03 INFO  Log:12 - =====================================Registertitlepage TEST START=========================================
2024-04-18 17:42:03 INFO  Log:23 - user is going to verify register titlepage
2024-04-18 17:42:05 INFO  Log:23 - title of registerpage is verified
2024-04-18 17:42:05 INFO  Log:16 - =====================================Registertitlepage TEST END=========================================
2024-04-18 17:42:11 INFO  Log:12 - =====================================createAccountTest TEST START=========================================
2024-04-18 17:42:11 INFO  Log:23 - user is going to register
2024-04-18 17:42:14 INFO  Log:23 - registrationsuccesfull
2024-04-18 17:42:14 INFO  Log:16 - =====================================createAccountTest TEST END=========================================
2024-04-18 17:42:18 INFO  Log:12 - =====================================createAccountTest TEST START=========================================
2024-04-18 17:42:18 INFO  Log:23 - user is going to register
2024-04-18 17:42:22 INFO  Log:23 - registrationsuccesfull
2024-04-18 17:42:22 INFO  Log:16 - =====================================createAccountTest TEST END=========================================
2024-04-18 17:42:26 INFO  Log:12 - =====================================loginpage TEST START=========================================
2024-04-18 17:42:26 INFO  Log:23 - user is going to login
2024-04-18 17:42:29 INFO  Log:23 - login is sucessfull
2024-04-18 17:42:29 INFO  Log:16 - =====================================loginpage TEST END=========================================
2024-04-18 17:42:33 INFO  Log:12 - =====================================logintitlepage TEST START=========================================
2024-04-18 17:42:33 INFO  Log:23 - user is going to  verify login  titlepage
2024-04-18 17:42:34 INFO  Log:23 - login page title is verified
2024-04-18 17:42:34 INFO  Log:16 - =====================================logintitlepage TEST END=========================================
2024-04-18 17:42:40 INFO  Log:12 - =====================================myaccountpageTitle TEST START=========================================
2024-04-18 17:42:40 INFO  Log:23 - user is going to  verify myaccount  titlepage
2024-04-18 17:42:40 INFO  Log:23 - myaccount page title is verified
2024-04-18 17:42:40 INFO  Log:16 - =====================================myaccountpageTitle TEST END=========================================
2024-04-18 17:42:48 INFO  Log:12 - =====================================myaccount TEST START=========================================
2024-04-18 17:42:48 INFO  Log:23 - user is going to verfi myaccountpage
2024-04-18 17:43:01 INFO  Log:23 - myaccountpage is verified
2024-04-18 17:43:01 INFO  Log:16 - =====================================myaccount TEST END=========================================
2024-04-18 17:43:06 INFO  Log:12 - =====================================computerpageTitle TEST START=========================================
2024-04-18 17:43:06 INFO  Log:23 - user is going to  verify computer  titlepage
2024-04-18 17:43:07 INFO  Log:23 - computerpage title is verified
2024-04-18 17:43:07 INFO  Log:16 - =====================================computerpageTitle TEST END=========================================
2024-04-18 17:43:11 INFO  Log:12 - =====================================computeritems  TEST START=========================================
2024-04-18 17:43:11 INFO  Log:23 - user is going to verifycomputerpage
2024-04-18 17:43:21 INFO  Log:23 -  computerpage is verified
2024-04-18 17:43:21 INFO  Log:16 - =====================================computeritems  TEST END=========================================
2024-04-18 17:43:34 INFO  Log:12 - =====================================desktoppageTitle TEST START=========================================
2024-04-18 17:43:34 INFO  Log:23 - user is going to  verify desktop  titlepage
2024-04-18 17:43:34 INFO  Log:23 - dessktop page title is verified
2024-04-18 17:43:34 INFO  Log:16 - =====================================desktoppageTitle TEST END=========================================
2024-04-18 17:43:46 INFO  Log:12 - =====================================selectcputype  TEST START=========================================
2024-04-18 17:43:46 INFO  Log:23 - user is going to select desktop
2024-04-18 17:43:58 INFO  Log:23 -  cpu desktop is selected
2024-04-18 17:43:58 INFO  Log:16 - =====================================selectcputype TEST END=========================================
2024-04-18 17:44:01 INFO  Log:12 - =====================================addwishandcomparelist TEST START=========================================
2024-04-18 17:44:01 INFO  Log:23 - user is going to add product to wishlist and verify productpage page 
2024-04-18 17:44:03 INFO  Log:23 - product is added to whishlist and product page is verified
2024-04-18 17:44:03 INFO  Log:16 - =====================================addwishandcomparelist TEST END=========================================
2024-04-18 17:44:11 INFO  Log:12 - =====================================wishlisttable TEST START=========================================
2024-04-18 17:44:11 INFO  Log:23 - user is going to  verify whishlistpage
2024-04-18 17:44:18 INFO  Log:23 - whishlistpage is verified
2024-04-18 17:44:18 INFO  Log:16 - =====================================wishlisttable TEST END=========================================
2024-04-18 17:44:25 INFO  Log:12 - =====================================wishlistpagepageTitle TEST START=========================================
2024-04-18 17:44:25 INFO  Log:23 - user is going to  verify wishlist  titlepage
2024-04-18 17:44:25 INFO  Log:23 - whishlist title is verified
2024-04-18 17:44:25 INFO  Log:16 - =====================================wishlistpagepageTitle TEST END=========================================
2024-04-18 17:44:40 INFO  Log:12 - =====================================CartpageTitle TEST START=========================================
2024-04-18 17:44:40 INFO  Log:23 - user is going to  verify addtocart titlepage
2024-04-18 17:44:40 INFO  Log:23 - title of addtocart is verified
2024-04-18 17:44:40 INFO  Log:16 - =====================================CartpageTitle TEST END=========================================
2024-04-18 17:44:54 INFO  Log:12 - =====================================verifyAddtocart TEST START=========================================
2024-04-18 17:44:54 INFO  Log:23 - user is going to add item in cart
2024-04-18 17:45:09 INFO  Log:23 - item is added to cart
2024-04-18 17:45:09 INFO  Log:16 - =====================================verifyAddtocart TEST END=========================================
2024-04-18 17:45:36 INFO  Log:12 - =====================================verifybillingpage TEST START=========================================
2024-04-18 17:45:36 INFO  Log:23 - user is going to verifybillingpage
2024-04-18 17:45:43 INFO  Log:23 - billingpage is verified
2024-04-18 17:45:43 INFO  Log:16 - =====================================verifybillingpage TEST END=========================================
2024-04-18 17:46:11 INFO  Log:12 - =====================================verifytitleofbillingpage TEST START=========================================
2024-04-18 17:46:11 INFO  Log:23 - user is going to  verify  billingpage title
2024-04-18 17:46:11 INFO  Log:23 - billingpage title is verified
2024-04-18 17:46:11 INFO  Log:16 - =====================================verifytitleofbillingpage TEST END=========================================
2024-04-18 17:46:42 INFO  Log:12 - ===================================== verifyshippingmethodpage TEST START=========================================
2024-04-18 17:46:42 INFO  Log:23 - user is going to verifyshippingmethodpage
2024-04-18 17:46:49 INFO  Log:23 -  shippingerthodpage is verified
2024-04-18 17:46:49 INFO  Log:16 - ===================================== verifyshippingmethodpage TEST END=========================================
2024-04-18 17:47:26 INFO  Log:12 - ===================================== verifypaymentmethodpage TEST START=========================================
2024-04-18 17:47:26 INFO  Log:23 - user is going to verifypaymentmethodpage
2024-04-18 17:47:27 INFO  Log:23 -  paymentmethodpage is verified
2024-04-18 17:47:27 INFO  Log:16 - ===================================== verifypaymentmethodpage TEST END=========================================
2024-04-18 17:49:08 INFO  Log:12 - =====================================verifyConfirmOdrerpage TEST START=========================================
2024-04-18 17:49:08 INFO  Log:23 - user is going to confirm order page 
2024-04-18 17:49:12 INFO  Log:23 - order page is confirmed
2024-04-18 17:49:12 INFO  Log:16 - =====================================verifyConfirmOdrerpage TEST END=========================================
2024-04-18 19:56:30 INFO  Log:12 - =====================================homepagepageTitle TEST START=========================================
2024-04-18 19:56:30 INFO  Log:23 - user is going to  verify homepage  titlepage
2024-04-18 19:56:30 INFO  Log:23 - home page title is verified
2024-04-18 19:56:30 INFO  Log:16 - =====================================homepagepageTitle TEST END=========================================
2024-04-18 19:56:34 INFO  Log:12 - =====================================homepageallfunctions TEST START=========================================
2024-04-18 19:56:34 INFO  Log:23 - user is going to verifyhomepage
2024-04-18 19:57:03 INFO  Log:23 -  homepage is verified
2024-04-18 19:57:03 INFO  Log:16 - =====================================homepageallfunctions TEST END=========================================
2024-04-18 19:57:06 INFO  Log:12 - =====================================Registertitlepage TEST START=========================================
2024-04-18 19:57:06 INFO  Log:23 - user is going to verify register titlepage
2024-04-18 19:57:07 INFO  Log:23 - title of registerpage is verified
2024-04-18 19:57:07 INFO  Log:16 - =====================================Registertitlepage TEST END=========================================
2024-04-18 19:57:14 INFO  Log:12 - =====================================createAccountTest TEST START=========================================
2024-04-18 19:57:14 INFO  Log:23 - user is going to register
2024-04-18 19:57:18 INFO  Log:23 - registrationsuccesfull
2024-04-18 19:57:18 INFO  Log:16 - =====================================createAccountTest TEST END=========================================
2024-04-18 19:57:22 INFO  Log:12 - =====================================createAccountTest TEST START=========================================
2024-04-18 19:57:22 INFO  Log:23 - user is going to register
2024-04-18 19:57:26 INFO  Log:23 - registrationsuccesfull
2024-04-18 19:57:26 INFO  Log:16 - =====================================createAccountTest TEST END=========================================
2024-04-18 19:57:29 INFO  Log:12 - =====================================loginpage TEST START=========================================
2024-04-18 19:57:29 INFO  Log:23 - user is going to login
2024-04-18 19:57:32 INFO  Log:23 - login is sucessfull
2024-04-18 19:57:32 INFO  Log:16 - =====================================loginpage TEST END=========================================
2024-04-18 19:57:36 INFO  Log:12 - =====================================logintitlepage TEST START=========================================
2024-04-18 19:57:36 INFO  Log:23 - user is going to  verify login  titlepage
2024-04-18 19:57:36 INFO  Log:23 - login page title is verified
2024-04-18 19:57:36 INFO  Log:16 - =====================================logintitlepage TEST END=========================================
2024-04-18 19:57:42 INFO  Log:12 - =====================================myaccountpageTitle TEST START=========================================
2024-04-18 19:57:42 INFO  Log:23 - user is going to  verify myaccount  titlepage
2024-04-18 19:57:43 INFO  Log:23 - myaccount page title is verified
2024-04-18 19:57:43 INFO  Log:16 - =====================================myaccountpageTitle TEST END=========================================
2024-04-18 19:57:53 INFO  Log:12 - =====================================myaccount TEST START=========================================
2024-04-18 19:57:53 INFO  Log:23 - user is going to verfi myaccountpage
2024-04-18 19:58:04 INFO  Log:23 - myaccountpage is verified
2024-04-18 19:58:04 INFO  Log:16 - =====================================myaccount TEST END=========================================
2024-04-18 19:58:09 INFO  Log:12 - =====================================computerpageTitle TEST START=========================================
2024-04-18 19:58:09 INFO  Log:23 - user is going to  verify computer  titlepage
2024-04-18 19:58:10 INFO  Log:23 - computerpage title is verified
2024-04-18 19:58:10 INFO  Log:16 - =====================================computerpageTitle TEST END=========================================
2024-04-18 19:58:13 INFO  Log:12 - =====================================computeritems  TEST START=========================================
2024-04-18 19:58:13 INFO  Log:23 - user is going to verifycomputerpage
2024-04-18 19:58:21 INFO  Log:23 -  computerpage is verified
2024-04-18 19:58:21 INFO  Log:16 - =====================================computeritems  TEST END=========================================
2024-04-18 19:58:33 INFO  Log:12 - =====================================desktoppageTitle TEST START=========================================
2024-04-18 19:58:33 INFO  Log:23 - user is going to  verify desktop  titlepage
2024-04-18 19:58:33 INFO  Log:23 - dessktop page title is verified
2024-04-18 19:58:33 INFO  Log:16 - =====================================desktoppageTitle TEST END=========================================
2024-04-18 19:58:48 INFO  Log:12 - =====================================selectcputype  TEST START=========================================
2024-04-18 19:58:48 INFO  Log:23 - user is going to select desktop
2024-04-18 19:59:00 INFO  Log:23 -  cpu desktop is selected
2024-04-18 19:59:00 INFO  Log:16 - =====================================selectcputype TEST END=========================================
2024-04-18 19:59:04 INFO  Log:12 - =====================================addwishandcomparelist TEST START=========================================
2024-04-18 19:59:04 INFO  Log:23 - user is going to add product to wishlist and verify productpage page 
2024-04-18 19:59:07 INFO  Log:23 - product is added to whishlist and product page is verified
2024-04-18 19:59:07 INFO  Log:16 - =====================================addwishandcomparelist TEST END=========================================
2024-04-18 19:59:15 INFO  Log:12 - =====================================wishlisttable TEST START=========================================
2024-04-18 19:59:15 INFO  Log:23 - user is going to  verify whishlistpage
2024-04-18 19:59:23 INFO  Log:23 - whishlistpage is verified
2024-04-18 19:59:23 INFO  Log:16 - =====================================wishlisttable TEST END=========================================
2024-04-18 19:59:30 INFO  Log:12 - =====================================wishlistpagepageTitle TEST START=========================================
2024-04-18 19:59:30 INFO  Log:23 - user is going to  verify wishlist  titlepage
2024-04-18 19:59:30 INFO  Log:23 - whishlist title is verified
2024-04-18 19:59:30 INFO  Log:16 - =====================================wishlistpagepageTitle TEST END=========================================
2024-04-18 19:59:44 INFO  Log:12 - =====================================CartpageTitle TEST START=========================================
2024-04-18 19:59:44 INFO  Log:23 - user is going to  verify addtocart titlepage
2024-04-18 19:59:44 INFO  Log:23 - title of addtocart is verified
2024-04-18 19:59:44 INFO  Log:16 - =====================================CartpageTitle TEST END=========================================
2024-04-18 20:00:00 INFO  Log:12 - =====================================verifyAddtocart TEST START=========================================
2024-04-18 20:00:00 INFO  Log:23 - user is going to add item in cart
2024-04-18 20:00:16 INFO  Log:23 - item is added to cart
2024-04-18 20:00:16 INFO  Log:16 - =====================================verifyAddtocart TEST END=========================================
2024-04-18 20:00:47 INFO  Log:12 - =====================================verifybillingpage TEST START=========================================
2024-04-18 20:00:47 INFO  Log:23 - user is going to verifybillingpage
2024-04-18 20:00:54 INFO  Log:23 - billingpage is verified
2024-04-18 20:00:54 INFO  Log:16 - =====================================verifybillingpage TEST END=========================================
2024-04-18 20:01:22 INFO  Log:12 - =====================================verifytitleofbillingpage TEST START=========================================
2024-04-18 20:01:22 INFO  Log:23 - user is going to  verify  billingpage title
2024-04-18 20:01:22 INFO  Log:23 - billingpage title is verified
2024-04-18 20:01:22 INFO  Log:16 - =====================================verifytitleofbillingpage TEST END=========================================
2024-04-18 20:01:52 INFO  Log:12 - ===================================== verifyshippingmethodpage TEST START=========================================
2024-04-18 20:01:52 INFO  Log:23 - user is going to verifyshippingmethodpage
2024-04-18 20:02:00 INFO  Log:23 -  shippingerthodpage is verified
2024-04-18 20:02:00 INFO  Log:16 - ===================================== verifyshippingmethodpage TEST END=========================================
2024-04-18 20:02:36 INFO  Log:12 - ===================================== verifypaymentmethodpage TEST START=========================================
2024-04-18 20:02:36 INFO  Log:23 - user is going to verifypaymentmethodpage
2024-04-18 20:02:37 INFO  Log:23 -  paymentmethodpage is verified
2024-04-18 20:02:37 INFO  Log:16 - ===================================== verifypaymentmethodpage TEST END=========================================
2024-04-18 20:03:15 INFO  Log:12 - =====================================verifycardmethodmethodpage TEST START=========================================
2024-04-18 20:03:15 INFO  Log:23 - user is going to verifycreditcardpaymentmethodpage
2024-04-18 20:03:18 INFO  Log:23 -  creditcardpaymentmethodpage is verified
2024-04-18 20:03:18 INFO  Log:16 - =====================================verifycardmethodmethodpage TEST END=========================================
2024-04-18 20:03:59 INFO  Log:12 - =====================================verifyConfirmOdrerpage TEST START=========================================
2024-04-18 20:03:59 INFO  Log:23 - user is going to confirm order page 
2024-04-18 20:04:03 INFO  Log:23 - order page is confirmed
2024-04-18 20:04:03 INFO  Log:16 - =====================================verifyConfirmOdrerpage TEST END=========================================

